<?xml version="1.0" encoding="UTF-8"?>
<testsuite xmlns:xsi="http://www.w3.org/2001/XMLSchema-instance" xsi:noNamespaceSchemaLocation="https://maven.apache.org/surefire/maven-surefire-plugin/xsd/surefire-test-report-3.0.xsd" version="3.0" name="TestSuite" time="80.356" tests="4" errors="0" skipped="0" failures="1">
  <properties>
    <property name="java.specification.version" value="17"/>
    <property name="webdriver.chrome.driver" value="C:\Users\mauli\.cache\selenium\chromedriver\win32\109.0.5414.74\chromedriver.exe"/>
    <property name="sun.cpu.isalist" value="amd64"/>
    <property name="sun.jnu.encoding" value="Cp1252"/>
    <property name="java.class.path" value="D:\Automation_Frameworks\Web_UI_Automation_BDD_POM_Framework\target\test-classes;D:\Automation_Frameworks\Web_UI_Automation_BDD_POM_Framework\target\classes;C:\Users\mauli\.m2\repository\org\seleniumhq\selenium\selenium-java\4.6.0\selenium-java-4.6.0.jar;C:\Users\mauli\.m2\repository\org\seleniumhq\selenium\selenium-api\4.6.0\selenium-api-4.6.0.jar;C:\Users\mauli\.m2\repository\org\seleniumhq\selenium\selenium-chrome-driver\4.6.0\selenium-chrome-driver-4.6.0.jar;C:\Users\mauli\.m2\repository\org\seleniumhq\selenium\selenium-chromium-driver\4.6.0\selenium-chromium-driver-4.6.0.jar;C:\Users\mauli\.m2\repository\org\seleniumhq\selenium\selenium-devtools-v105\4.6.0\selenium-devtools-v105-4.6.0.jar;C:\Users\mauli\.m2\repository\org\seleniumhq\selenium\selenium-devtools-v106\4.6.0\selenium-devtools-v106-4.6.0.jar;C:\Users\mauli\.m2\repository\org\seleniumhq\selenium\selenium-devtools-v107\4.6.0\selenium-devtools-v107-4.6.0.jar;C:\Users\mauli\.m2\repository\org\seleniumhq\selenium\selenium-devtools-v85\4.6.0\selenium-devtools-v85-4.6.0.jar;C:\Users\mauli\.m2\repository\org\seleniumhq\selenium\selenium-edge-driver\4.6.0\selenium-edge-driver-4.6.0.jar;C:\Users\mauli\.m2\repository\org\seleniumhq\selenium\selenium-firefox-driver\4.6.0\selenium-firefox-driver-4.6.0.jar;C:\Users\mauli\.m2\repository\org\seleniumhq\selenium\selenium-ie-driver\4.6.0\selenium-ie-driver-4.6.0.jar;C:\Users\mauli\.m2\repository\org\seleniumhq\selenium\selenium-remote-driver\4.6.0\selenium-remote-driver-4.6.0.jar;C:\Users\mauli\.m2\repository\io\netty\netty-buffer\4.1.84.Final\netty-buffer-4.1.84.Final.jar;C:\Users\mauli\.m2\repository\io\netty\netty-codec-http\4.1.84.Final\netty-codec-http-4.1.84.Final.jar;C:\Users\mauli\.m2\repository\io\netty\netty-codec\4.1.84.Final\netty-codec-4.1.84.Final.jar;C:\Users\mauli\.m2\repository\io\netty\netty-handler\4.1.84.Final\netty-handler-4.1.84.Final.jar;C:\Users\mauli\.m2\repository\io\netty\netty-common\4.1.84.Final\netty-common-4.1.84.Final.jar;C:\Users\mauli\.m2\repository\io\netty\netty-transport-classes-epoll\4.1.84.Final\netty-transport-classes-epoll-4.1.84.Final.jar;C:\Users\mauli\.m2\repository\io\netty\netty-transport-classes-kqueue\4.1.84.Final\netty-transport-classes-kqueue-4.1.84.Final.jar;C:\Users\mauli\.m2\repository\io\netty\netty-transport-native-epoll\4.1.84.Final\netty-transport-native-epoll-4.1.84.Final.jar;C:\Users\mauli\.m2\repository\io\netty\netty-transport-native-kqueue\4.1.84.Final\netty-transport-native-kqueue-4.1.84.Final.jar;C:\Users\mauli\.m2\repository\io\netty\netty-transport-native-unix-common\4.1.84.Final\netty-transport-native-unix-common-4.1.84.Final.jar;C:\Users\mauli\.m2\repository\io\netty\netty-transport\4.1.84.Final\netty-transport-4.1.84.Final.jar;C:\Users\mauli\.m2\repository\io\netty\netty-resolver\4.1.84.Final\netty-resolver-4.1.84.Final.jar;C:\Users\mauli\.m2\repository\io\opentelemetry\opentelemetry-api\1.19.0\opentelemetry-api-1.19.0.jar;C:\Users\mauli\.m2\repository\io\opentelemetry\opentelemetry-context\1.19.0\opentelemetry-context-1.19.0.jar;C:\Users\mauli\.m2\repository\io\opentelemetry\opentelemetry-exporter-logging\1.19.0\opentelemetry-exporter-logging-1.19.0.jar;C:\Users\mauli\.m2\repository\io\opentelemetry\opentelemetry-sdk-metrics\1.19.0\opentelemetry-sdk-metrics-1.19.0.jar;C:\Users\mauli\.m2\repository\io\opentelemetry\opentelemetry-sdk-logs\1.19.0-alpha\opentelemetry-sdk-logs-1.19.0-alpha.jar;C:\Users\mauli\.m2\repository\io\opentelemetry\opentelemetry-api-logs\1.19.0-alpha\opentelemetry-api-logs-1.19.0-alpha.jar;C:\Users\mauli\.m2\repository\io\opentelemetry\opentelemetry-sdk-common\1.19.0\opentelemetry-sdk-common-1.19.0.jar;C:\Users\mauli\.m2\repository\io\opentelemetry\opentelemetry-sdk-extension-autoconfigure-spi\1.19.0\opentelemetry-sdk-extension-autoconfigure-spi-1.19.0.jar;C:\Users\mauli\.m2\repository\io\opentelemetry\opentelemetry-sdk-extension-autoconfigure\1.19.0-alpha\opentelemetry-sdk-extension-autoconfigure-1.19.0-alpha.jar;C:\Users\mauli\.m2\repository\io\opentelemetry\opentelemetry-exporter-common\1.19.0\opentelemetry-exporter-common-1.19.0.jar;C:\Users\mauli\.m2\repository\io\opentelemetry\opentelemetry-sdk-trace\1.19.0\opentelemetry-sdk-trace-1.19.0.jar;C:\Users\mauli\.m2\repository\io\opentelemetry\opentelemetry-sdk\1.19.0\opentelemetry-sdk-1.19.0.jar;C:\Users\mauli\.m2\repository\io\opentelemetry\opentelemetry-semconv\1.19.0-alpha\opentelemetry-semconv-1.19.0-alpha.jar;C:\Users\mauli\.m2\repository\io\ous\jtoml\2.0.0\jtoml-2.0.0.jar;C:\Users\mauli\.m2\repository\org\apache\commons\commons-exec\1.3\commons-exec-1.3.jar;C:\Users\mauli\.m2\repository\org\asynchttpclient\async-http-client\2.12.3\async-http-client-2.12.3.jar;C:\Users\mauli\.m2\repository\org\asynchttpclient\async-http-client-netty-utils\2.12.3\async-http-client-netty-utils-2.12.3.jar;C:\Users\mauli\.m2\repository\io\netty\netty-codec-socks\4.1.60.Final\netty-codec-socks-4.1.60.Final.jar;C:\Users\mauli\.m2\repository\io\netty\netty-handler-proxy\4.1.60.Final\netty-handler-proxy-4.1.60.Final.jar;C:\Users\mauli\.m2\repository\io\netty\netty-transport-native-epoll\4.1.60.Final\netty-transport-native-epoll-4.1.60.Final-linux-x86_64.jar;C:\Users\mauli\.m2\repository\io\netty\netty-transport-native-kqueue\4.1.60.Final\netty-transport-native-kqueue-4.1.60.Final-osx-x86_64.jar;C:\Users\mauli\.m2\repository\com\typesafe\netty\netty-reactive-streams\2.0.4\netty-reactive-streams-2.0.4.jar;C:\Users\mauli\.m2\repository\com\sun\activation\jakarta.activation\1.2.2\jakarta.activation-1.2.2.jar;C:\Users\mauli\.m2\repository\org\seleniumhq\selenium\selenium-http\4.6.0\selenium-http-4.6.0.jar;C:\Users\mauli\.m2\repository\dev\failsafe\failsafe\3.3.0\failsafe-3.3.0.jar;C:\Users\mauli\.m2\repository\org\seleniumhq\selenium\selenium-manager\4.6.0\selenium-manager-4.6.0.jar;C:\Users\mauli\.m2\repository\org\seleniumhq\selenium\selenium-safari-driver\4.6.0\selenium-safari-driver-4.6.0.jar;C:\Users\mauli\.m2\repository\org\seleniumhq\selenium\selenium-support\4.6.0\selenium-support-4.6.0.jar;C:\Users\mauli\.m2\repository\com\google\auto\service\auto-service-annotations\1.0.1\auto-service-annotations-1.0.1.jar;C:\Users\mauli\.m2\repository\com\google\auto\service\auto-service\1.0.1\auto-service-1.0.1.jar;C:\Users\mauli\.m2\repository\com\google\auto\auto-common\1.2\auto-common-1.2.jar;C:\Users\mauli\.m2\repository\com\google\guava\guava\31.1-jre\guava-31.1-jre.jar;C:\Users\mauli\.m2\repository\com\google\guava\failureaccess\1.0.1\failureaccess-1.0.1.jar;C:\Users\mauli\.m2\repository\com\google\guava\listenablefuture\9999.0-empty-to-avoid-conflict-with-guava\listenablefuture-9999.0-empty-to-avoid-conflict-with-guava.jar;C:\Users\mauli\.m2\repository\org\checkerframework\checker-qual\3.12.0\checker-qual-3.12.0.jar;C:\Users\mauli\.m2\repository\com\google\errorprone\error_prone_annotations\2.11.0\error_prone_annotations-2.11.0.jar;C:\Users\mauli\.m2\repository\com\google\j2objc\j2objc-annotations\1.3\j2objc-annotations-1.3.jar;C:\Users\mauli\.m2\repository\net\bytebuddy\byte-buddy\1.12.18\byte-buddy-1.12.18.jar;C:\Users\mauli\.m2\repository\org\seleniumhq\selenium\selenium-json\4.6.0\selenium-json-4.6.0.jar;C:\Users\mauli\.m2\repository\io\github\bonigarcia\webdrivermanager\5.3.1\webdrivermanager-5.3.1.jar;C:\Users\mauli\.m2\repository\com\google\code\gson\gson\2.10\gson-2.10.jar;C:\Users\mauli\.m2\repository\com\github\docker-java\docker-java\3.2.13\docker-java-3.2.13.jar;C:\Users\mauli\.m2\repository\com\github\docker-java\docker-java-core\3.2.13\docker-java-core-3.2.13.jar;C:\Users\mauli\.m2\repository\com\github\docker-java\docker-java-api\3.2.13\docker-java-api-3.2.13.jar;C:\Users\mauli\.m2\repository\com\fasterxml\jackson\core\jackson-annotations\2.10.3\jackson-annotations-2.10.3.jar;C:\Users\mauli\.m2\repository\org\apache\commons\commons-compress\1.21\commons-compress-1.21.jar;C:\Users\mauli\.m2\repository\com\fasterxml\jackson\core\jackson-databind\2.10.3\jackson-databind-2.10.3.jar;C:\Users\mauli\.m2\repository\com\fasterxml\jackson\core\jackson-core\2.10.3\jackson-core-2.10.3.jar;C:\Users\mauli\.m2\repository\org\bouncycastle\bcpkix-jdk15on\1.64\bcpkix-jdk15on-1.64.jar;C:\Users\mauli\.m2\repository\org\bouncycastle\bcprov-jdk15on\1.64\bcprov-jdk15on-1.64.jar;C:\Users\mauli\.m2\repository\org\slf4j\jcl-over-slf4j\1.7.30\jcl-over-slf4j-1.7.30.jar;C:\Users\mauli\.m2\repository\com\github\docker-java\docker-java-transport-httpclient5\3.2.13\docker-java-transport-httpclient5-3.2.13.jar;C:\Users\mauli\.m2\repository\com\github\docker-java\docker-java-transport\3.2.13\docker-java-transport-3.2.13.jar;C:\Users\mauli\.m2\repository\net\java\dev\jna\jna\5.8.0\jna-5.8.0.jar;C:\Users\mauli\.m2\repository\org\brotli\dec\0.1.2\dec-0.1.2.jar;C:\Users\mauli\.m2\repository\org\apache\commons\commons-lang3\3.12.0\commons-lang3-3.12.0.jar;C:\Users\mauli\.m2\repository\org\apache\httpcomponents\client5\httpclient5\5.1.3\httpclient5-5.1.3.jar;C:\Users\mauli\.m2\repository\org\apache\httpcomponents\core5\httpcore5\5.1.3\httpcore5-5.1.3.jar;C:\Users\mauli\.m2\repository\org\apache\httpcomponents\core5\httpcore5-h2\5.1.3\httpcore5-h2-5.1.3.jar;C:\Users\mauli\.m2\repository\org\projectlombok\lombok\1.18.24\lombok-1.18.24.jar;C:\Users\mauli\.m2\repository\com\opencsv\opencsv\5.7.1\opencsv-5.7.1.jar;C:\Users\mauli\.m2\repository\org\apache\commons\commons-text\1.10.0\commons-text-1.10.0.jar;C:\Users\mauli\.m2\repository\commons-beanutils\commons-beanutils\1.9.4\commons-beanutils-1.9.4.jar;C:\Users\mauli\.m2\repository\commons-logging\commons-logging\1.2\commons-logging-1.2.jar;C:\Users\mauli\.m2\repository\commons-collections\commons-collections\3.2.2\commons-collections-3.2.2.jar;C:\Users\mauli\.m2\repository\org\apache\commons\commons-collections4\4.4\commons-collections4-4.4.jar;C:\Users\mauli\.m2\repository\io\appium\java-client\8.2.0\java-client-8.2.0.jar;C:\Users\mauli\.m2\repository\commons-codec\commons-codec\1.15\commons-codec-1.15.jar;C:\Users\mauli\.m2\repository\cglib\cglib\3.3.0\cglib-3.3.0.jar;C:\Users\mauli\.m2\repository\org\ow2\asm\asm\7.1\asm-7.1.jar;C:\Users\mauli\.m2\repository\commons-validator\commons-validator\1.7\commons-validator-1.7.jar;C:\Users\mauli\.m2\repository\commons-digester\commons-digester\2.1\commons-digester-2.1.jar;C:\Users\mauli\.m2\repository\commons-io\commons-io\2.11.0\commons-io-2.11.0.jar;C:\Users\mauli\.m2\repository\com\aventstack\extentreports\5.0.9\extentreports-5.0.9.jar;C:\Users\mauli\.m2\repository\io\reactivex\rxjava3\rxjava\3.0.4\rxjava-3.0.4.jar;C:\Users\mauli\.m2\repository\org\reactivestreams\reactive-streams\1.0.3\reactive-streams-1.0.3.jar;C:\Users\mauli\.m2\repository\org\freemarker\freemarker\2.3.30\freemarker-2.3.30.jar;C:\Users\mauli\.m2\repository\org\testng\testng\7.6.1\testng-7.6.1.jar;C:\Users\mauli\.m2\repository\com\google\code\findbugs\jsr305\3.0.2\jsr305-3.0.2.jar;C:\Users\mauli\.m2\repository\com\beust\jcommander\1.82\jcommander-1.82.jar;C:\Users\mauli\.m2\repository\org\webjars\jquery\3.6.0\jquery-3.6.0.jar;C:\Users\mauli\.m2\repository\log4j\log4j\1.2.17\log4j-1.2.17.jar;C:\Users\mauli\.m2\repository\org\slf4j\slf4j-api\2.0.3\slf4j-api-2.0.3.jar;C:\Users\mauli\.m2\repository\com\vimalselvam\cucumber-extentsreport\3.1.1\cucumber-extentsreport-3.1.1.jar;C:\Users\mauli\.m2\repository\io\cucumber\cucumber-java\7.8.1\cucumber-java-7.8.1.jar;C:\Users\mauli\.m2\repository\io\cucumber\cucumber-core\7.8.1\cucumber-core-7.8.1.jar;C:\Users\mauli\.m2\repository\io\cucumber\cucumber-gherkin\7.8.1\cucumber-gherkin-7.8.1.jar;C:\Users\mauli\.m2\repository\io\cucumber\cucumber-gherkin-messages\7.8.1\cucumber-gherkin-messages-7.8.1.jar;C:\Users\mauli\.m2\repository\io\cucumber\gherkin\24.0.0\gherkin-24.0.0.jar;C:\Users\mauli\.m2\repository\io\cucumber\messages\19.1.4\messages-19.1.4.jar;C:\Users\mauli\.m2\repository\io\cucumber\tag-expressions\4.1.0\tag-expressions-4.1.0.jar;C:\Users\mauli\.m2\repository\io\cucumber\cucumber-expressions\16.0.0\cucumber-expressions-16.0.0.jar;C:\Users\mauli\.m2\repository\io\cucumber\datatable\7.8.1\datatable-7.8.1.jar;C:\Users\mauli\.m2\repository\io\cucumber\cucumber-plugin\7.8.1\cucumber-plugin-7.8.1.jar;C:\Users\mauli\.m2\repository\io\cucumber\docstring\7.8.1\docstring-7.8.1.jar;C:\Users\mauli\.m2\repository\io\cucumber\html-formatter\20.1.0\html-formatter-20.1.0.jar;C:\Users\mauli\.m2\repository\io\cucumber\ci-environment\9.1.0\ci-environment-9.1.0.jar;C:\Users\mauli\.m2\repository\org\apiguardian\apiguardian-api\1.1.2\apiguardian-api-1.1.2.jar;C:\Users\mauli\.m2\repository\io\cucumber\cucumber-testng\7.8.1\cucumber-testng-7.8.1.jar;C:\Users\mauli\.m2\repository\io\cucumber\cucumber-picocontainer\7.8.1\cucumber-picocontainer-7.8.1.jar;C:\Users\mauli\.m2\repository\org\picocontainer\picocontainer\2.15\picocontainer-2.15.jar;C:\Users\mauli\.m2\repository\javassist\javassist\3.12.1.GA\javassist-3.12.1.GA.jar;C:\Users\mauli\.m2\repository\com\googlecode\json-simple\json-simple\1.1.1\json-simple-1.1.1.jar;C:\Users\mauli\.m2\repository\junit\junit\4.10\junit-4.10.jar;C:\Users\mauli\.m2\repository\org\hamcrest\hamcrest-core\1.1\hamcrest-core-1.1.jar;C:\Users\mauli\.m2\repository\org\json\json\20220924\json-20220924.jar;"/>
    <property name="java.vm.vendor" value="Oracle Corporation"/>
    <property name="sun.arch.data.model" value="64"/>
    <property name="user.variant" value=""/>
    <property name="java.vendor.url" value="https://java.oracle.com/"/>
    <property name="user.timezone" value="Asia/Calcutta"/>
    <property name="os.name" value="Windows 11"/>
    <property name="java.vm.specification.version" value="17"/>
    <property name="sun.java.launcher" value="SUN_STANDARD"/>
    <property name="user.country" value="IN"/>
    <property name="sun.boot.library.path" value="C:\Users\mauli\.jdks\openjdk-17.0.2\bin"/>
    <property name="sun.java.command" value="C:\Users\mauli\AppData\Local\Temp\surefire2576111977380880727\surefirebooter-20230122124323254_3.jar C:\Users\mauli\AppData\Local\Temp\surefire2576111977380880727 2023-01-22T12-43-22_924-jvmRun1 surefire-20230122124323254_1tmp surefire_0-20230122124323254_2tmp"/>
    <property name="jdk.debug" value="release"/>
    <property name="surefire.test.class.path" value="D:\Automation_Frameworks\Web_UI_Automation_BDD_POM_Framework\target\test-classes;D:\Automation_Frameworks\Web_UI_Automation_BDD_POM_Framework\target\classes;C:\Users\mauli\.m2\repository\org\seleniumhq\selenium\selenium-java\4.6.0\selenium-java-4.6.0.jar;C:\Users\mauli\.m2\repository\org\seleniumhq\selenium\selenium-api\4.6.0\selenium-api-4.6.0.jar;C:\Users\mauli\.m2\repository\org\seleniumhq\selenium\selenium-chrome-driver\4.6.0\selenium-chrome-driver-4.6.0.jar;C:\Users\mauli\.m2\repository\org\seleniumhq\selenium\selenium-chromium-driver\4.6.0\selenium-chromium-driver-4.6.0.jar;C:\Users\mauli\.m2\repository\org\seleniumhq\selenium\selenium-devtools-v105\4.6.0\selenium-devtools-v105-4.6.0.jar;C:\Users\mauli\.m2\repository\org\seleniumhq\selenium\selenium-devtools-v106\4.6.0\selenium-devtools-v106-4.6.0.jar;C:\Users\mauli\.m2\repository\org\seleniumhq\selenium\selenium-devtools-v107\4.6.0\selenium-devtools-v107-4.6.0.jar;C:\Users\mauli\.m2\repository\org\seleniumhq\selenium\selenium-devtools-v85\4.6.0\selenium-devtools-v85-4.6.0.jar;C:\Users\mauli\.m2\repository\org\seleniumhq\selenium\selenium-edge-driver\4.6.0\selenium-edge-driver-4.6.0.jar;C:\Users\mauli\.m2\repository\org\seleniumhq\selenium\selenium-firefox-driver\4.6.0\selenium-firefox-driver-4.6.0.jar;C:\Users\mauli\.m2\repository\org\seleniumhq\selenium\selenium-ie-driver\4.6.0\selenium-ie-driver-4.6.0.jar;C:\Users\mauli\.m2\repository\org\seleniumhq\selenium\selenium-remote-driver\4.6.0\selenium-remote-driver-4.6.0.jar;C:\Users\mauli\.m2\repository\io\netty\netty-buffer\4.1.84.Final\netty-buffer-4.1.84.Final.jar;C:\Users\mauli\.m2\repository\io\netty\netty-codec-http\4.1.84.Final\netty-codec-http-4.1.84.Final.jar;C:\Users\mauli\.m2\repository\io\netty\netty-codec\4.1.84.Final\netty-codec-4.1.84.Final.jar;C:\Users\mauli\.m2\repository\io\netty\netty-handler\4.1.84.Final\netty-handler-4.1.84.Final.jar;C:\Users\mauli\.m2\repository\io\netty\netty-common\4.1.84.Final\netty-common-4.1.84.Final.jar;C:\Users\mauli\.m2\repository\io\netty\netty-transport-classes-epoll\4.1.84.Final\netty-transport-classes-epoll-4.1.84.Final.jar;C:\Users\mauli\.m2\repository\io\netty\netty-transport-classes-kqueue\4.1.84.Final\netty-transport-classes-kqueue-4.1.84.Final.jar;C:\Users\mauli\.m2\repository\io\netty\netty-transport-native-epoll\4.1.84.Final\netty-transport-native-epoll-4.1.84.Final.jar;C:\Users\mauli\.m2\repository\io\netty\netty-transport-native-kqueue\4.1.84.Final\netty-transport-native-kqueue-4.1.84.Final.jar;C:\Users\mauli\.m2\repository\io\netty\netty-transport-native-unix-common\4.1.84.Final\netty-transport-native-unix-common-4.1.84.Final.jar;C:\Users\mauli\.m2\repository\io\netty\netty-transport\4.1.84.Final\netty-transport-4.1.84.Final.jar;C:\Users\mauli\.m2\repository\io\netty\netty-resolver\4.1.84.Final\netty-resolver-4.1.84.Final.jar;C:\Users\mauli\.m2\repository\io\opentelemetry\opentelemetry-api\1.19.0\opentelemetry-api-1.19.0.jar;C:\Users\mauli\.m2\repository\io\opentelemetry\opentelemetry-context\1.19.0\opentelemetry-context-1.19.0.jar;C:\Users\mauli\.m2\repository\io\opentelemetry\opentelemetry-exporter-logging\1.19.0\opentelemetry-exporter-logging-1.19.0.jar;C:\Users\mauli\.m2\repository\io\opentelemetry\opentelemetry-sdk-metrics\1.19.0\opentelemetry-sdk-metrics-1.19.0.jar;C:\Users\mauli\.m2\repository\io\opentelemetry\opentelemetry-sdk-logs\1.19.0-alpha\opentelemetry-sdk-logs-1.19.0-alpha.jar;C:\Users\mauli\.m2\repository\io\opentelemetry\opentelemetry-api-logs\1.19.0-alpha\opentelemetry-api-logs-1.19.0-alpha.jar;C:\Users\mauli\.m2\repository\io\opentelemetry\opentelemetry-sdk-common\1.19.0\opentelemetry-sdk-common-1.19.0.jar;C:\Users\mauli\.m2\repository\io\opentelemetry\opentelemetry-sdk-extension-autoconfigure-spi\1.19.0\opentelemetry-sdk-extension-autoconfigure-spi-1.19.0.jar;C:\Users\mauli\.m2\repository\io\opentelemetry\opentelemetry-sdk-extension-autoconfigure\1.19.0-alpha\opentelemetry-sdk-extension-autoconfigure-1.19.0-alpha.jar;C:\Users\mauli\.m2\repository\io\opentelemetry\opentelemetry-exporter-common\1.19.0\opentelemetry-exporter-common-1.19.0.jar;C:\Users\mauli\.m2\repository\io\opentelemetry\opentelemetry-sdk-trace\1.19.0\opentelemetry-sdk-trace-1.19.0.jar;C:\Users\mauli\.m2\repository\io\opentelemetry\opentelemetry-sdk\1.19.0\opentelemetry-sdk-1.19.0.jar;C:\Users\mauli\.m2\repository\io\opentelemetry\opentelemetry-semconv\1.19.0-alpha\opentelemetry-semconv-1.19.0-alpha.jar;C:\Users\mauli\.m2\repository\io\ous\jtoml\2.0.0\jtoml-2.0.0.jar;C:\Users\mauli\.m2\repository\org\apache\commons\commons-exec\1.3\commons-exec-1.3.jar;C:\Users\mauli\.m2\repository\org\asynchttpclient\async-http-client\2.12.3\async-http-client-2.12.3.jar;C:\Users\mauli\.m2\repository\org\asynchttpclient\async-http-client-netty-utils\2.12.3\async-http-client-netty-utils-2.12.3.jar;C:\Users\mauli\.m2\repository\io\netty\netty-codec-socks\4.1.60.Final\netty-codec-socks-4.1.60.Final.jar;C:\Users\mauli\.m2\repository\io\netty\netty-handler-proxy\4.1.60.Final\netty-handler-proxy-4.1.60.Final.jar;C:\Users\mauli\.m2\repository\io\netty\netty-transport-native-epoll\4.1.60.Final\netty-transport-native-epoll-4.1.60.Final-linux-x86_64.jar;C:\Users\mauli\.m2\repository\io\netty\netty-transport-native-kqueue\4.1.60.Final\netty-transport-native-kqueue-4.1.60.Final-osx-x86_64.jar;C:\Users\mauli\.m2\repository\com\typesafe\netty\netty-reactive-streams\2.0.4\netty-reactive-streams-2.0.4.jar;C:\Users\mauli\.m2\repository\com\sun\activation\jakarta.activation\1.2.2\jakarta.activation-1.2.2.jar;C:\Users\mauli\.m2\repository\org\seleniumhq\selenium\selenium-http\4.6.0\selenium-http-4.6.0.jar;C:\Users\mauli\.m2\repository\dev\failsafe\failsafe\3.3.0\failsafe-3.3.0.jar;C:\Users\mauli\.m2\repository\org\seleniumhq\selenium\selenium-manager\4.6.0\selenium-manager-4.6.0.jar;C:\Users\mauli\.m2\repository\org\seleniumhq\selenium\selenium-safari-driver\4.6.0\selenium-safari-driver-4.6.0.jar;C:\Users\mauli\.m2\repository\org\seleniumhq\selenium\selenium-support\4.6.0\selenium-support-4.6.0.jar;C:\Users\mauli\.m2\repository\com\google\auto\service\auto-service-annotations\1.0.1\auto-service-annotations-1.0.1.jar;C:\Users\mauli\.m2\repository\com\google\auto\service\auto-service\1.0.1\auto-service-1.0.1.jar;C:\Users\mauli\.m2\repository\com\google\auto\auto-common\1.2\auto-common-1.2.jar;C:\Users\mauli\.m2\repository\com\google\guava\guava\31.1-jre\guava-31.1-jre.jar;C:\Users\mauli\.m2\repository\com\google\guava\failureaccess\1.0.1\failureaccess-1.0.1.jar;C:\Users\mauli\.m2\repository\com\google\guava\listenablefuture\9999.0-empty-to-avoid-conflict-with-guava\listenablefuture-9999.0-empty-to-avoid-conflict-with-guava.jar;C:\Users\mauli\.m2\repository\org\checkerframework\checker-qual\3.12.0\checker-qual-3.12.0.jar;C:\Users\mauli\.m2\repository\com\google\errorprone\error_prone_annotations\2.11.0\error_prone_annotations-2.11.0.jar;C:\Users\mauli\.m2\repository\com\google\j2objc\j2objc-annotations\1.3\j2objc-annotations-1.3.jar;C:\Users\mauli\.m2\repository\net\bytebuddy\byte-buddy\1.12.18\byte-buddy-1.12.18.jar;C:\Users\mauli\.m2\repository\org\seleniumhq\selenium\selenium-json\4.6.0\selenium-json-4.6.0.jar;C:\Users\mauli\.m2\repository\io\github\bonigarcia\webdrivermanager\5.3.1\webdrivermanager-5.3.1.jar;C:\Users\mauli\.m2\repository\com\google\code\gson\gson\2.10\gson-2.10.jar;C:\Users\mauli\.m2\repository\com\github\docker-java\docker-java\3.2.13\docker-java-3.2.13.jar;C:\Users\mauli\.m2\repository\com\github\docker-java\docker-java-core\3.2.13\docker-java-core-3.2.13.jar;C:\Users\mauli\.m2\repository\com\github\docker-java\docker-java-api\3.2.13\docker-java-api-3.2.13.jar;C:\Users\mauli\.m2\repository\com\fasterxml\jackson\core\jackson-annotations\2.10.3\jackson-annotations-2.10.3.jar;C:\Users\mauli\.m2\repository\org\apache\commons\commons-compress\1.21\commons-compress-1.21.jar;C:\Users\mauli\.m2\repository\com\fasterxml\jackson\core\jackson-databind\2.10.3\jackson-databind-2.10.3.jar;C:\Users\mauli\.m2\repository\com\fasterxml\jackson\core\jackson-core\2.10.3\jackson-core-2.10.3.jar;C:\Users\mauli\.m2\repository\org\bouncycastle\bcpkix-jdk15on\1.64\bcpkix-jdk15on-1.64.jar;C:\Users\mauli\.m2\repository\org\bouncycastle\bcprov-jdk15on\1.64\bcprov-jdk15on-1.64.jar;C:\Users\mauli\.m2\repository\org\slf4j\jcl-over-slf4j\1.7.30\jcl-over-slf4j-1.7.30.jar;C:\Users\mauli\.m2\repository\com\github\docker-java\docker-java-transport-httpclient5\3.2.13\docker-java-transport-httpclient5-3.2.13.jar;C:\Users\mauli\.m2\repository\com\github\docker-java\docker-java-transport\3.2.13\docker-java-transport-3.2.13.jar;C:\Users\mauli\.m2\repository\net\java\dev\jna\jna\5.8.0\jna-5.8.0.jar;C:\Users\mauli\.m2\repository\org\brotli\dec\0.1.2\dec-0.1.2.jar;C:\Users\mauli\.m2\repository\org\apache\commons\commons-lang3\3.12.0\commons-lang3-3.12.0.jar;C:\Users\mauli\.m2\repository\org\apache\httpcomponents\client5\httpclient5\5.1.3\httpclient5-5.1.3.jar;C:\Users\mauli\.m2\repository\org\apache\httpcomponents\core5\httpcore5\5.1.3\httpcore5-5.1.3.jar;C:\Users\mauli\.m2\repository\org\apache\httpcomponents\core5\httpcore5-h2\5.1.3\httpcore5-h2-5.1.3.jar;C:\Users\mauli\.m2\repository\org\projectlombok\lombok\1.18.24\lombok-1.18.24.jar;C:\Users\mauli\.m2\repository\com\opencsv\opencsv\5.7.1\opencsv-5.7.1.jar;C:\Users\mauli\.m2\repository\org\apache\commons\commons-text\1.10.0\commons-text-1.10.0.jar;C:\Users\mauli\.m2\repository\commons-beanutils\commons-beanutils\1.9.4\commons-beanutils-1.9.4.jar;C:\Users\mauli\.m2\repository\commons-logging\commons-logging\1.2\commons-logging-1.2.jar;C:\Users\mauli\.m2\repository\commons-collections\commons-collections\3.2.2\commons-collections-3.2.2.jar;C:\Users\mauli\.m2\repository\org\apache\commons\commons-collections4\4.4\commons-collections4-4.4.jar;C:\Users\mauli\.m2\repository\io\appium\java-client\8.2.0\java-client-8.2.0.jar;C:\Users\mauli\.m2\repository\commons-codec\commons-codec\1.15\commons-codec-1.15.jar;C:\Users\mauli\.m2\repository\cglib\cglib\3.3.0\cglib-3.3.0.jar;C:\Users\mauli\.m2\repository\org\ow2\asm\asm\7.1\asm-7.1.jar;C:\Users\mauli\.m2\repository\commons-validator\commons-validator\1.7\commons-validator-1.7.jar;C:\Users\mauli\.m2\repository\commons-digester\commons-digester\2.1\commons-digester-2.1.jar;C:\Users\mauli\.m2\repository\commons-io\commons-io\2.11.0\commons-io-2.11.0.jar;C:\Users\mauli\.m2\repository\com\aventstack\extentreports\5.0.9\extentreports-5.0.9.jar;C:\Users\mauli\.m2\repository\io\reactivex\rxjava3\rxjava\3.0.4\rxjava-3.0.4.jar;C:\Users\mauli\.m2\repository\org\reactivestreams\reactive-streams\1.0.3\reactive-streams-1.0.3.jar;C:\Users\mauli\.m2\repository\org\freemarker\freemarker\2.3.30\freemarker-2.3.30.jar;C:\Users\mauli\.m2\repository\org\testng\testng\7.6.1\testng-7.6.1.jar;C:\Users\mauli\.m2\repository\com\google\code\findbugs\jsr305\3.0.2\jsr305-3.0.2.jar;C:\Users\mauli\.m2\repository\com\beust\jcommander\1.82\jcommander-1.82.jar;C:\Users\mauli\.m2\repository\org\webjars\jquery\3.6.0\jquery-3.6.0.jar;C:\Users\mauli\.m2\repository\log4j\log4j\1.2.17\log4j-1.2.17.jar;C:\Users\mauli\.m2\repository\org\slf4j\slf4j-api\2.0.3\slf4j-api-2.0.3.jar;C:\Users\mauli\.m2\repository\com\vimalselvam\cucumber-extentsreport\3.1.1\cucumber-extentsreport-3.1.1.jar;C:\Users\mauli\.m2\repository\io\cucumber\cucumber-java\7.8.1\cucumber-java-7.8.1.jar;C:\Users\mauli\.m2\repository\io\cucumber\cucumber-core\7.8.1\cucumber-core-7.8.1.jar;C:\Users\mauli\.m2\repository\io\cucumber\cucumber-gherkin\7.8.1\cucumber-gherkin-7.8.1.jar;C:\Users\mauli\.m2\repository\io\cucumber\cucumber-gherkin-messages\7.8.1\cucumber-gherkin-messages-7.8.1.jar;C:\Users\mauli\.m2\repository\io\cucumber\gherkin\24.0.0\gherkin-24.0.0.jar;C:\Users\mauli\.m2\repository\io\cucumber\messages\19.1.4\messages-19.1.4.jar;C:\Users\mauli\.m2\repository\io\cucumber\tag-expressions\4.1.0\tag-expressions-4.1.0.jar;C:\Users\mauli\.m2\repository\io\cucumber\cucumber-expressions\16.0.0\cucumber-expressions-16.0.0.jar;C:\Users\mauli\.m2\repository\io\cucumber\datatable\7.8.1\datatable-7.8.1.jar;C:\Users\mauli\.m2\repository\io\cucumber\cucumber-plugin\7.8.1\cucumber-plugin-7.8.1.jar;C:\Users\mauli\.m2\repository\io\cucumber\docstring\7.8.1\docstring-7.8.1.jar;C:\Users\mauli\.m2\repository\io\cucumber\html-formatter\20.1.0\html-formatter-20.1.0.jar;C:\Users\mauli\.m2\repository\io\cucumber\ci-environment\9.1.0\ci-environment-9.1.0.jar;C:\Users\mauli\.m2\repository\org\apiguardian\apiguardian-api\1.1.2\apiguardian-api-1.1.2.jar;C:\Users\mauli\.m2\repository\io\cucumber\cucumber-testng\7.8.1\cucumber-testng-7.8.1.jar;C:\Users\mauli\.m2\repository\io\cucumber\cucumber-picocontainer\7.8.1\cucumber-picocontainer-7.8.1.jar;C:\Users\mauli\.m2\repository\org\picocontainer\picocontainer\2.15\picocontainer-2.15.jar;C:\Users\mauli\.m2\repository\javassist\javassist\3.12.1.GA\javassist-3.12.1.GA.jar;C:\Users\mauli\.m2\repository\com\googlecode\json-simple\json-simple\1.1.1\json-simple-1.1.1.jar;C:\Users\mauli\.m2\repository\junit\junit\4.10\junit-4.10.jar;C:\Users\mauli\.m2\repository\org\hamcrest\hamcrest-core\1.1\hamcrest-core-1.1.jar;C:\Users\mauli\.m2\repository\org\json\json\20220924\json-20220924.jar;"/>
    <property name="sun.cpu.endian" value="little"/>
    <property name="user.home" value="C:\Users\mauli"/>
    <property name="user.language" value="en"/>
    <property name="java.specification.vendor" value="Oracle Corporation"/>
    <property name="java.version.date" value="2022-01-18"/>
    <property name="java.home" value="C:\Users\mauli\.jdks\openjdk-17.0.2"/>
    <property name="file.separator" value="\"/>
    <property name="basedir" value="D:\Automation_Frameworks\Web_UI_Automation_BDD_POM_Framework"/>
    <property name="java.vm.compressedOopsMode" value="Zero based"/>
    <property name="line.separator" value="&#10;"/>
    <property name="java.vm.specification.vendor" value="Oracle Corporation"/>
    <property name="java.specification.name" value="Java Platform API Specification"/>
    <property name="surefire.real.class.path" value="C:\Users\mauli\AppData\Local\Temp\surefire2576111977380880727\surefirebooter-20230122124323254_3.jar"/>
    <property name="user.script" value=""/>
    <property name="sun.management.compiler" value="HotSpot 64-Bit Tiered Compilers"/>
    <property name="java.runtime.version" value="17.0.2+8-86"/>
    <property name="user.name" value="mauli"/>
    <property name="path.separator" value=";"/>
    <property name="os.version" value="10.0"/>
    <property name="java.runtime.name" value="OpenJDK Runtime Environment"/>
    <property name="file.encoding" value="Cp1252"/>
    <property name="java.vm.name" value="OpenJDK 64-Bit Server VM"/>
    <property name="localRepository" value="C:\Users\mauli\.m2\repository"/>
    <property name="java.vendor.url.bug" value="https://bugreport.java.com/bugreport/"/>
    <property name="java.io.tmpdir" value="C:\Users\mauli\AppData\Local\Temp\"/>
    <property name="java.version" value="17.0.2"/>
    <property name="user.dir" value="D:\Automation_Frameworks\Web_UI_Automation_BDD_POM_Framework"/>
    <property name="os.arch" value="amd64"/>
    <property name="java.vm.specification.name" value="Java Virtual Machine Specification"/>
    <property name="sun.os.patch.level" value=""/>
    <property name="native.encoding" value="Cp1252"/>
    <property name="java.library.path" value="C:\Users\mauli\.jdks\openjdk-17.0.2\bin;C:\Windows\Sun\Java\bin;C:\Windows\system32;C:\Windows;C:\Program Files (x86)\Common Files\Oracle\Java\javapath;C:\Windows\system32;C:\Windows;C:\Windows\System32\Wbem;C:\Windows\System32\WindowsPowerShell\v1.0\;C:\Windows\System32\OpenSSH\;C:\Program Files\Git\cmd;C:\Users\mauli\.jdks\openjdk-17.0.2\bin;C:\Maven\apache-maven-3.8.4\bin;C:\Program Files (x86)\Microsoft SQL Server\150\DTS\Binn\;C:\Program Files\Azure Data Studio\bin;C:\Program Files\dotnet\;C:\Program Files\nodejs\;C:\Program Files\PowerShell\7\;C:\Program Files\Docker\Docker\resources\bin;C:\Users\mauli\AppData\Local\Microsoft\WindowsApps;C:\Program Files\JetBrains\IntelliJ IDEA Community Edition 2021.3.2\bin;;C:\Program Files\TestProject Agent;C:\Program Files (x86)\BrowserStackLocal\;C:\Program Files\Azure Data Studio\bin;C:\Users\mauli\AppData\Roaming\npm;."/>
    <property name="java.vm.info" value="mixed mode, sharing"/>
    <property name="java.vendor" value="Oracle Corporation"/>
    <property name="java.vm.version" value="17.0.2+8-86"/>
    <property name="sun.io.unicode.encoding" value="UnicodeLittle"/>
    <property name="java.class.version" value="61.0"/>
  </properties>
  <testcase name="runScenario[&quot;1 Verify user is able to search current UTC time in google search.&quot;, &quot;As a user, I want to search current UTC time in google search engine.&quot;](1)" classname="com.google.testRunners.TestRunner" time="52.959">
    <system-out><![CDATA[28 [TestNG-PoolService-0] INFO devpinoyLogger  - Config file loaded !!!
28 [TestNG-PoolService-1] INFO devpinoyLogger  - Config file loaded !!!
28 [TestNG-PoolService-1] INFO devpinoyLogger  - Config file loaded !!!
43301 [TestNG-PoolService-1] DEBUG io.netty.util.internal.logging.InternalLoggerFactory  - Using Log4J as the default logging framework
43301 [TestNG-PoolService-1] DEBUG io.netty.util.internal.logging.InternalLoggerFactory  - Using Log4J as the default logging framework
43318 [TestNG-PoolService-1] DEBUG io.netty.util.ResourceLeakDetector  - -Dio.netty.leakDetection.level: simple
43318 [TestNG-PoolService-1] DEBUG io.netty.util.ResourceLeakDetector  - -Dio.netty.leakDetection.level: simple
43318 [TestNG-PoolService-1] DEBUG io.netty.util.ResourceLeakDetector  - -Dio.netty.leakDetection.targetRecords: 4
43318 [TestNG-PoolService-1] DEBUG io.netty.util.ResourceLeakDetector  - -Dio.netty.leakDetection.targetRecords: 4
43318 [TestNG-PoolService-1] DEBUG io.netty.util.ResourceLeakDetectorFactory  - Loaded default ResourceLeakDetector: io.netty.util.ResourceLeakDetector@6ac4c37f
43318 [TestNG-PoolService-1] DEBUG io.netty.util.ResourceLeakDetectorFactory  - Loaded default ResourceLeakDetector: io.netty.util.ResourceLeakDetector@6ac4c37f
43364 [TestNG-PoolService-1] DEBUG io.netty.util.internal.PlatformDependent0  - -Dio.netty.noUnsafe: false
43364 [TestNG-PoolService-1] DEBUG io.netty.util.internal.PlatformDependent0  - -Dio.netty.noUnsafe: false
43364 [TestNG-PoolService-1] DEBUG io.netty.util.internal.PlatformDependent0  - Java version: 17
43364 [TestNG-PoolService-1] DEBUG io.netty.util.internal.PlatformDependent0  - Java version: 17
43364 [TestNG-PoolService-1] DEBUG io.netty.util.internal.PlatformDependent0  - sun.misc.Unsafe.theUnsafe: available
43364 [TestNG-PoolService-1] DEBUG io.netty.util.internal.PlatformDependent0  - sun.misc.Unsafe.theUnsafe: available
43364 [TestNG-PoolService-1] DEBUG io.netty.util.internal.PlatformDependent0  - sun.misc.Unsafe.copyMemory: available
43364 [TestNG-PoolService-1] DEBUG io.netty.util.internal.PlatformDependent0  - sun.misc.Unsafe.copyMemory: available
43380 [TestNG-PoolService-1] DEBUG io.netty.util.internal.PlatformDependent0  - sun.misc.Unsafe.storeFence: available
43380 [TestNG-PoolService-1] DEBUG io.netty.util.internal.PlatformDependent0  - sun.misc.Unsafe.storeFence: available
43380 [TestNG-PoolService-1] DEBUG io.netty.util.internal.PlatformDependent0  - java.nio.Buffer.address: available
43380 [TestNG-PoolService-1] DEBUG io.netty.util.internal.PlatformDependent0  - java.nio.Buffer.address: available
43380 [TestNG-PoolService-1] DEBUG io.netty.util.internal.PlatformDependent0  - direct buffer constructor: unavailable: Reflective setAccessible(true) disabled
43380 [TestNG-PoolService-1] DEBUG io.netty.util.internal.PlatformDependent0  - direct buffer constructor: unavailable: Reflective setAccessible(true) disabled
43380 [TestNG-PoolService-1] DEBUG io.netty.util.internal.PlatformDependent0  - java.nio.Bits.unaligned: available, true
43380 [TestNG-PoolService-1] DEBUG io.netty.util.internal.PlatformDependent0  - java.nio.Bits.unaligned: available, true
43380 [TestNG-PoolService-1] DEBUG io.netty.util.internal.PlatformDependent0  - jdk.internal.misc.Unsafe.allocateUninitializedArray(int): unavailable: class io.netty.util.internal.PlatformDependent0$7 cannot access class jdk.internal.misc.Unsafe (in module java.base) because module java.base does not export jdk.internal.misc to unnamed module @36c88a32
43380 [TestNG-PoolService-1] DEBUG io.netty.util.internal.PlatformDependent0  - jdk.internal.misc.Unsafe.allocateUninitializedArray(int): unavailable: class io.netty.util.internal.PlatformDependent0$7 cannot access class jdk.internal.misc.Unsafe (in module java.base) because module java.base does not export jdk.internal.misc to unnamed module @36c88a32
43380 [TestNG-PoolService-1] DEBUG io.netty.util.internal.PlatformDependent0  - java.nio.DirectByteBuffer.<init>(long, int): unavailable
43380 [TestNG-PoolService-1] DEBUG io.netty.util.internal.PlatformDependent0  - java.nio.DirectByteBuffer.<init>(long, int): unavailable
43380 [TestNG-PoolService-1] DEBUG io.netty.util.internal.PlatformDependent  - sun.misc.Unsafe: available
43380 [TestNG-PoolService-1] DEBUG io.netty.util.internal.PlatformDependent  - sun.misc.Unsafe: available
43380 [TestNG-PoolService-1] DEBUG io.netty.util.internal.PlatformDependent  - maxDirectMemory: 8589934592 bytes (maybe)
43380 [TestNG-PoolService-1] DEBUG io.netty.util.internal.PlatformDependent  - maxDirectMemory: 8589934592 bytes (maybe)
43380 [TestNG-PoolService-1] DEBUG io.netty.util.internal.PlatformDependent  - -Dio.netty.tmpdir: C:\Users\mauli\AppData\Local\Temp (java.io.tmpdir)
43380 [TestNG-PoolService-1] DEBUG io.netty.util.internal.PlatformDependent  - -Dio.netty.tmpdir: C:\Users\mauli\AppData\Local\Temp (java.io.tmpdir)
43380 [TestNG-PoolService-1] DEBUG io.netty.util.internal.PlatformDependent  - -Dio.netty.bitMode: 64 (sun.arch.data.model)
43380 [TestNG-PoolService-1] DEBUG io.netty.util.internal.PlatformDependent  - -Dio.netty.bitMode: 64 (sun.arch.data.model)
43380 [TestNG-PoolService-1] DEBUG io.netty.util.internal.PlatformDependent  - Platform: Windows
43380 [TestNG-PoolService-1] DEBUG io.netty.util.internal.PlatformDependent  - Platform: Windows
43396 [TestNG-PoolService-1] DEBUG io.netty.util.internal.PlatformDependent  - -Dio.netty.maxDirectMemory: -1 bytes
43396 [TestNG-PoolService-1] DEBUG io.netty.util.internal.PlatformDependent  - -Dio.netty.maxDirectMemory: -1 bytes
43396 [TestNG-PoolService-1] DEBUG io.netty.util.internal.PlatformDependent  - -Dio.netty.uninitializedArrayAllocationThreshold: -1
43396 [TestNG-PoolService-1] DEBUG io.netty.util.internal.PlatformDependent  - -Dio.netty.uninitializedArrayAllocationThreshold: -1
43396 [TestNG-PoolService-1] DEBUG io.netty.util.internal.CleanerJava9  - java.nio.ByteBuffer.cleaner(): available
43396 [TestNG-PoolService-1] DEBUG io.netty.util.internal.CleanerJava9  - java.nio.ByteBuffer.cleaner(): available
43396 [TestNG-PoolService-1] DEBUG io.netty.util.internal.PlatformDependent  - -Dio.netty.noPreferDirect: false
43396 [TestNG-PoolService-1] DEBUG io.netty.util.internal.PlatformDependent  - -Dio.netty.noPreferDirect: false
43396 [TestNG-PoolService-1] DEBUG io.netty.util.internal.PlatformDependent  - org.jctools-core.MpscChunkedArrayQueue: available
43396 [TestNG-PoolService-1] DEBUG io.netty.util.internal.PlatformDependent  - org.jctools-core.MpscChunkedArrayQueue: available
43427 [TestNG-PoolService-1] DEBUG io.netty.util.internal.InternalThreadLocalMap  - -Dio.netty.threadLocalMap.stringBuilder.initialSize: 1024
43427 [TestNG-PoolService-1] DEBUG io.netty.util.internal.InternalThreadLocalMap  - -Dio.netty.threadLocalMap.stringBuilder.initialSize: 1024
43427 [TestNG-PoolService-1] DEBUG io.netty.util.internal.InternalThreadLocalMap  - -Dio.netty.threadLocalMap.stringBuilder.maxSize: 4096
43427 [TestNG-PoolService-1] DEBUG io.netty.util.internal.InternalThreadLocalMap  - -Dio.netty.threadLocalMap.stringBuilder.maxSize: 4096
43522 [TestNG-PoolService-1] DEBUG io.netty.handler.ssl.JdkSslContext  - Default protocols (JDK): [TLSv1.3, TLSv1.2] 
43522 [TestNG-PoolService-1] DEBUG io.netty.handler.ssl.JdkSslContext  - Default protocols (JDK): [TLSv1.3, TLSv1.2] 
43522 [TestNG-PoolService-1] DEBUG io.netty.handler.ssl.JdkSslContext  - Default cipher suites (JDK): [TLS_ECDHE_ECDSA_WITH_AES_256_GCM_SHA384, TLS_ECDHE_ECDSA_WITH_AES_128_GCM_SHA256, TLS_ECDHE_RSA_WITH_AES_128_GCM_SHA256, TLS_ECDHE_RSA_WITH_AES_256_GCM_SHA384, TLS_ECDHE_RSA_WITH_AES_128_CBC_SHA, TLS_ECDHE_RSA_WITH_AES_256_CBC_SHA, TLS_RSA_WITH_AES_128_GCM_SHA256, TLS_RSA_WITH_AES_128_CBC_SHA, TLS_RSA_WITH_AES_256_CBC_SHA, TLS_AES_128_GCM_SHA256, TLS_AES_256_GCM_SHA384]
43522 [TestNG-PoolService-1] DEBUG io.netty.handler.ssl.JdkSslContext  - Default cipher suites (JDK): [TLS_ECDHE_ECDSA_WITH_AES_256_GCM_SHA384, TLS_ECDHE_ECDSA_WITH_AES_128_GCM_SHA256, TLS_ECDHE_RSA_WITH_AES_128_GCM_SHA256, TLS_ECDHE_RSA_WITH_AES_256_GCM_SHA384, TLS_ECDHE_RSA_WITH_AES_128_CBC_SHA, TLS_ECDHE_RSA_WITH_AES_256_CBC_SHA, TLS_RSA_WITH_AES_128_GCM_SHA256, TLS_RSA_WITH_AES_128_CBC_SHA, TLS_RSA_WITH_AES_256_CBC_SHA, TLS_AES_128_GCM_SHA256, TLS_AES_256_GCM_SHA384]
43553 [TestNG-PoolService-1] DEBUG io.netty.channel.MultithreadEventLoopGroup  - -Dio.netty.eventLoopThreads: 16
43553 [TestNG-PoolService-1] DEBUG io.netty.channel.MultithreadEventLoopGroup  - -Dio.netty.eventLoopThreads: 16
43553 [TestNG-PoolService-1] DEBUG io.netty.channel.nio.NioEventLoop  - -Dio.netty.noKeySetOptimization: false
43553 [TestNG-PoolService-1] DEBUG io.netty.channel.nio.NioEventLoop  - -Dio.netty.noKeySetOptimization: false
43553 [TestNG-PoolService-1] DEBUG io.netty.channel.nio.NioEventLoop  - -Dio.netty.selectorAutoRebuildThreshold: 512
43553 [TestNG-PoolService-1] DEBUG io.netty.channel.nio.NioEventLoop  - -Dio.netty.selectorAutoRebuildThreshold: 512
43633 [TestNG-PoolService-1] DEBUG io.netty.buffer.PooledByteBufAllocator  - -Dio.netty.allocator.numHeapArenas: 16
43633 [TestNG-PoolService-1] DEBUG io.netty.buffer.PooledByteBufAllocator  - -Dio.netty.allocator.numHeapArenas: 16
43633 [TestNG-PoolService-1] DEBUG io.netty.buffer.PooledByteBufAllocator  - -Dio.netty.allocator.numDirectArenas: 16
43633 [TestNG-PoolService-1] DEBUG io.netty.buffer.PooledByteBufAllocator  - -Dio.netty.allocator.numDirectArenas: 16
43633 [TestNG-PoolService-1] DEBUG io.netty.buffer.PooledByteBufAllocator  - -Dio.netty.allocator.pageSize: 8192
43633 [TestNG-PoolService-1] DEBUG io.netty.buffer.PooledByteBufAllocator  - -Dio.netty.allocator.pageSize: 8192
43633 [TestNG-PoolService-1] DEBUG io.netty.buffer.PooledByteBufAllocator  - -Dio.netty.allocator.maxOrder: 9
43633 [TestNG-PoolService-1] DEBUG io.netty.buffer.PooledByteBufAllocator  - -Dio.netty.allocator.maxOrder: 9
43633 [TestNG-PoolService-1] DEBUG io.netty.buffer.PooledByteBufAllocator  - -Dio.netty.allocator.chunkSize: 4194304
43633 [TestNG-PoolService-1] DEBUG io.netty.buffer.PooledByteBufAllocator  - -Dio.netty.allocator.chunkSize: 4194304
43633 [TestNG-PoolService-1] DEBUG io.netty.buffer.PooledByteBufAllocator  - -Dio.netty.allocator.smallCacheSize: 256
43633 [TestNG-PoolService-1] DEBUG io.netty.buffer.PooledByteBufAllocator  - -Dio.netty.allocator.smallCacheSize: 256
43633 [TestNG-PoolService-1] DEBUG io.netty.buffer.PooledByteBufAllocator  - -Dio.netty.allocator.normalCacheSize: 64
43633 [TestNG-PoolService-1] DEBUG io.netty.buffer.PooledByteBufAllocator  - -Dio.netty.allocator.normalCacheSize: 64
43633 [TestNG-PoolService-1] DEBUG io.netty.buffer.PooledByteBufAllocator  - -Dio.netty.allocator.maxCachedBufferCapacity: 32768
43633 [TestNG-PoolService-1] DEBUG io.netty.buffer.PooledByteBufAllocator  - -Dio.netty.allocator.maxCachedBufferCapacity: 32768
43633 [TestNG-PoolService-1] DEBUG io.netty.buffer.PooledByteBufAllocator  - -Dio.netty.allocator.cacheTrimInterval: 8192
43633 [TestNG-PoolService-1] DEBUG io.netty.buffer.PooledByteBufAllocator  - -Dio.netty.allocator.cacheTrimInterval: 8192
43633 [TestNG-PoolService-1] DEBUG io.netty.buffer.PooledByteBufAllocator  - -Dio.netty.allocator.cacheTrimIntervalMillis: 0
43633 [TestNG-PoolService-1] DEBUG io.netty.buffer.PooledByteBufAllocator  - -Dio.netty.allocator.cacheTrimIntervalMillis: 0
43633 [TestNG-PoolService-1] DEBUG io.netty.buffer.PooledByteBufAllocator  - -Dio.netty.allocator.useCacheForAllThreads: false
43633 [TestNG-PoolService-1] DEBUG io.netty.buffer.PooledByteBufAllocator  - -Dio.netty.allocator.useCacheForAllThreads: false
43633 [TestNG-PoolService-1] DEBUG io.netty.buffer.PooledByteBufAllocator  - -Dio.netty.allocator.maxCachedByteBuffersPerChunk: 1023
43633 [TestNG-PoolService-1] DEBUG io.netty.buffer.PooledByteBufAllocator  - -Dio.netty.allocator.maxCachedByteBuffersPerChunk: 1023
43649 [TestNG-PoolService-1] DEBUG io.netty.buffer.ByteBufUtil  - -Dio.netty.allocator.type: pooled
43649 [TestNG-PoolService-1] DEBUG io.netty.buffer.ByteBufUtil  - -Dio.netty.allocator.type: pooled
43649 [TestNG-PoolService-1] DEBUG io.netty.buffer.ByteBufUtil  - -Dio.netty.threadLocalDirectBufferSize: 0
43649 [TestNG-PoolService-1] DEBUG io.netty.buffer.ByteBufUtil  - -Dio.netty.threadLocalDirectBufferSize: 0
43649 [TestNG-PoolService-1] DEBUG io.netty.buffer.ByteBufUtil  - -Dio.netty.maxThreadLocalCharBufferSize: 16384
43649 [TestNG-PoolService-1] DEBUG io.netty.buffer.ByteBufUtil  - -Dio.netty.maxThreadLocalCharBufferSize: 16384
44205 [Forwarding newSession on session null to remote] DEBUG io.netty.channel.DefaultChannelId  - -Dio.netty.processId: 3244 (auto-detected)
44205 [Forwarding newSession on session null to remote] DEBUG io.netty.channel.DefaultChannelId  - -Dio.netty.processId: 3244 (auto-detected)
44205 [Forwarding newSession on session null to remote] DEBUG io.netty.util.NetUtil  - -Djava.net.preferIPv4Stack: false
44205 [Forwarding newSession on session null to remote] DEBUG io.netty.util.NetUtil  - -Djava.net.preferIPv4Stack: false
44205 [Forwarding newSession on session null to remote] DEBUG io.netty.util.NetUtil  - -Djava.net.preferIPv6Addresses: false
44205 [Forwarding newSession on session null to remote] DEBUG io.netty.util.NetUtil  - -Djava.net.preferIPv6Addresses: false
44216 [Forwarding newSession on session null to remote] DEBUG io.netty.util.NetUtilInitializations  - Loopback interface: lo (Software Loopback Interface 1, 127.0.0.1)
44216 [Forwarding newSession on session null to remote] DEBUG io.netty.util.NetUtilInitializations  - Loopback interface: lo (Software Loopback Interface 1, 127.0.0.1)
44216 [Forwarding newSession on session null to remote] DEBUG io.netty.util.NetUtil  - Failed to get SOMAXCONN from sysctl and file \proc\sys\net\core\somaxconn. Default: 200
44216 [Forwarding newSession on session null to remote] DEBUG io.netty.util.NetUtil  - Failed to get SOMAXCONN from sysctl and file \proc\sys\net\core\somaxconn. Default: 200
44236 [Forwarding newSession on session null to remote] DEBUG io.netty.channel.DefaultChannelId  - -Dio.netty.machineId: 30:c9:ab:ff:fe:9f:7c:a3 (auto-detected)
44236 [Forwarding newSession on session null to remote] DEBUG io.netty.channel.DefaultChannelId  - -Dio.netty.machineId: 30:c9:ab:ff:fe:9f:7c:a3 (auto-detected)
44318 [AsyncHttpClient-1-3] DEBUG io.netty.buffer.AbstractByteBuf  - -Dio.netty.buffer.checkAccessible: true
44318 [AsyncHttpClient-1-3] DEBUG io.netty.buffer.AbstractByteBuf  - -Dio.netty.buffer.checkAccessible: true
44318 [AsyncHttpClient-1-3] DEBUG io.netty.buffer.AbstractByteBuf  - -Dio.netty.buffer.checkBounds: true
44318 [AsyncHttpClient-1-3] DEBUG io.netty.buffer.AbstractByteBuf  - -Dio.netty.buffer.checkBounds: true
44318 [AsyncHttpClient-1-3] DEBUG io.netty.util.ResourceLeakDetectorFactory  - Loaded default ResourceLeakDetector: io.netty.util.ResourceLeakDetector@774bdd84
44318 [AsyncHttpClient-1-3] DEBUG io.netty.util.ResourceLeakDetectorFactory  - Loaded default ResourceLeakDetector: io.netty.util.ResourceLeakDetector@774bdd84
44358 [AsyncHttpClient-1-2] DEBUG io.netty.util.Recycler  - -Dio.netty.recycler.maxCapacityPerThread: 4096
44358 [AsyncHttpClient-1-2] DEBUG io.netty.util.Recycler  - -Dio.netty.recycler.maxCapacityPerThread: 4096
44358 [AsyncHttpClient-1-2] DEBUG io.netty.util.Recycler  - -Dio.netty.recycler.ratio: 8
44358 [AsyncHttpClient-1-2] DEBUG io.netty.util.Recycler  - -Dio.netty.recycler.ratio: 8
44358 [AsyncHttpClient-1-2] DEBUG io.netty.util.Recycler  - -Dio.netty.recycler.chunkSize: 32
44358 [AsyncHttpClient-1-2] DEBUG io.netty.util.Recycler  - -Dio.netty.recycler.chunkSize: 32
44358 [AsyncHttpClient-1-2] DEBUG io.netty.util.Recycler  - -Dio.netty.recycler.blocking: false
44358 [AsyncHttpClient-1-2] DEBUG io.netty.util.Recycler  - -Dio.netty.recycler.blocking: false
46543 [AsyncHttpClient-1-3] DEBUG io.netty.handler.codec.compression.Brotli  - brotli4j not in the classpath; Brotli support will be unavailable.
46543 [AsyncHttpClient-1-3] DEBUG io.netty.handler.codec.compression.Brotli  - brotli4j not in the classpath; Brotli support will be unavailable.
46780 [TestNG-PoolService-1] DEBUG io.netty.util.internal.ThreadLocalRandom  - -Dio.netty.initialSeedUniquifier: 0xdbea862a020651ed
46780 [TestNG-PoolService-1] DEBUG io.netty.util.internal.ThreadLocalRandom  - -Dio.netty.initialSeedUniquifier: 0xdbea862a020651ed
49313 [TestNG-PoolService-0] INFO util.Log  - -------------------------START INFO---------------------------
49313 [TestNG-PoolService-0] INFO util.Log  - -------------------------START INFO---------------------------
49313 [TestNG-PoolService-0] INFO util.Log  - #######URL opened: ChromeDriver: chrome on WINDOWS (fa02254df8471620eed77e37dad48de4)
49313 [TestNG-PoolService-0] INFO util.Log  - #######URL opened: ChromeDriver: chrome on WINDOWS (fa02254df8471620eed77e37dad48de4)
49313 [TestNG-PoolService-0] INFO util.Log  - -------------------------END INFO-----------------------------
49313 [TestNG-PoolService-0] INFO util.Log  - -------------------------END INFO-----------------------------
49744 [TestNG-PoolService-1] INFO util.Log  - -------------------------START INFO---------------------------
49744 [TestNG-PoolService-1] INFO util.Log  - -------------------------START INFO---------------------------
49744 [TestNG-PoolService-1] INFO util.Log  - #######URL opened: ChromeDriver: chrome on WINDOWS (9b90b9e8306acdbb5a6e39fd806cbd98)
49744 [TestNG-PoolService-1] INFO util.Log  - #######URL opened: ChromeDriver: chrome on WINDOWS (9b90b9e8306acdbb5a6e39fd806cbd98)
49744 [TestNG-PoolService-1] INFO util.Log  - -------------------------END INFO-----------------------------
49744 [TestNG-PoolService-1] INFO util.Log  - -------------------------END INFO-----------------------------
52278 [TestNG-PoolService-1] INFO util.Log  - -------------------------START INFO---------------------------
52278 [TestNG-PoolService-1] INFO util.Log  - -------------------------START INFO---------------------------
52278 [TestNG-PoolService-1] INFO util.Log  - ####After Test scenario
52278 [TestNG-PoolService-1] INFO util.Log  - ####After Test scenario
52278 [TestNG-PoolService-1] INFO util.Log  - -------------------------END INFO-----------------------------
52278 [TestNG-PoolService-1] INFO util.Log  - -------------------------END INFO-----------------------------
52467 [TestNG-PoolService-0] INFO util.Log  - -------------------------START INFO---------------------------
52467 [TestNG-PoolService-0] INFO util.Log  - -------------------------START INFO---------------------------
52467 [TestNG-PoolService-0] INFO util.Log  - ####After Test scenario
52467 [TestNG-PoolService-0] INFO util.Log  - ####After Test scenario
52467 [TestNG-PoolService-0] INFO util.Log  - -------------------------END INFO-----------------------------
52467 [TestNG-PoolService-0] INFO util.Log  - -------------------------END INFO-----------------------------
]]></system-out>
    <system-err><![CDATA[SLF4J: No SLF4J providers were found.
SLF4J: Defaulting to no-operation (NOP) logger implementation
SLF4J: See https://www.slf4j.org/codes.html#noProviders for further details.
log4j:WARN No appenders could be found for logger (util.Log).
log4j:WARN No appenders could be found for logger (util.Log).
log4j:WARN Please initialize the log4j system properly.
log4j:WARN Please initialize the log4j system properly.
log4j:WARN See http://logging.apache.org/log4j/1.2/faq.html#noconfig for more info.
log4j:WARN See http://logging.apache.org/log4j/1.2/faq.html#noconfig for more info.
SSttaartritnign gC ChhrromomeeDDrriivveer r1 0190.9.00.5.544141.4.7744  ((ee77cc55770033660044ddaaaa99cccc11282c8cccff5a55ad53ed939e3995315371538795183-9r1e3f-sr/ebfrsa/nbchr-ahneacdhs-/5h4e1a4d@s{/#51411742@}{)# o1n1 7po2r}t )2 8o5n63 p
oOrntly  1l5oc0a4l 2con
neOcntlioyn s loacrael  allowcedo.nn
ePctlieoansse  asreee  alhltotwpesd:.//
cPhlreoamseed sreiev ehrt.tcphsr:o/m/cihurmo.moerdg/rsievecru.rchirtoym-icuomn.osrigd/esreacutriitoyn-cs ofnsoird esugrgaetsitoinos nfso ro ns ukgegeepsitnigon sC horno mkeeDerpiivnegr  Cshafreo.me
Driver safe.
CChhrormoemDerDirvierv ewra sw satsa rtsetda rstuecdc essuscfculelsys.fu
lly.
Jan 22, 2023 12:44:15 PM org.openqa.selenium.devtools.CdpVersionFinder findNearestMatch
WARNING: Unable to find an exact match for CDP version 109, so returning the closest version found: 107
Jan 22, 2023 12:44:15 PM org.openqa.selenium.devtools.CdpVersionFinder findNearestMatch
WARNING: Unable to find an exact match for CDP version 109, so returning the closest version found: 107
]]></system-err>
  </testcase>
  <testcase name="runScenario[&quot;2 - Failure Scenario - Verify user is able to navigate to sign in page.&quot;, &quot;As a user, I want to search current UTC time in google search engine.&quot;](2)" classname="com.google.testRunners.TestRunner" time="0.608">
    <failure message="expected [What is current time?] but found [What is today&apos;s date?]" type="java.lang.AssertionError"><![CDATA[java.lang.AssertionError: expected [What is current time?] but found [What is today's date?]
	at org.testng.Assert.fail(Assert.java:110)
	at org.testng.Assert.failNotEquals(Assert.java:1413)
	at org.testng.Assert.assertEqualsImpl(Assert.java:149)
	at org.testng.Assert.assertEquals(Assert.java:131)
	at org.testng.Assert.assertEquals(Assert.java:655)
	at org.testng.Assert.assertEquals(Assert.java:665)
	at com.google.steps.googlesearch.GoogleSearchSteps.verify_incorrect_search_text_failure_assertion(GoogleSearchSteps.java:52)
	at ✽.Verify User should see incorrect search text in the search box - Failure Assertion(file:///D:/Automation_Frameworks/Web_UI_Automation_BDD_POM_Framework/src/test/resources/features/googlesearch/GoogleSearch.feature:12)
]]></failure>
    <system-out><![CDATA[52786 [TestNG-PoolService-0] INFO util.Log  - -------------------------START INFO---------------------------
52786 [TestNG-PoolService-0] INFO util.Log  - -------------------------START INFO---------------------------
52786 [TestNG-PoolService-0] INFO util.Log  - ########WebDriver is null so creating new driver
52786 [TestNG-PoolService-0] INFO util.Log  - ########WebDriver is null so creating new driver
52786 [TestNG-PoolService-0] INFO util.Log  - -------------------------END INFO-----------------------------
52786 [TestNG-PoolService-0] INFO util.Log  - -------------------------END INFO-----------------------------
52786 [TestNG-PoolService-0] INFO devpinoyLogger  - Config file loaded !!!
52786 [TestNG-PoolService-0] INFO devpinoyLogger  - Config file loaded !!!
52786 [TestNG-PoolService-0] INFO devpinoyLogger  - Config file loaded !!!
]]></system-out>
    <system-err><![CDATA[Starting ChromeDriver 109.0.5414.74 (e7c5703604daa9cc128ccf5a5d3e993513758913-refs/branch-heads/5414@{#1172}) on port 28651
Only local connections are allowed.
Please see https://chromedriver.chromium.org/security-considerations for suggestions on keeping ChromeDriver safe.
ChromeDriver was started successfully.
]]></system-err>
  </testcase>
  <testcase name="runScenario[&quot;3 Verify user is able to search current UTC time in google search.&quot;, &quot;As a user, I want to search current UTC time in google search engine.&quot;](3)" classname="com.google.testRunners.TestRunner" time="22.328">
    <system-out><![CDATA[53378 [TestNG-PoolService-1] INFO util.Log  - -------------------------START INFO---------------------------
53378 [TestNG-PoolService-1] INFO util.Log  - -------------------------START INFO---------------------------
53378 [TestNG-PoolService-1] INFO util.Log  - -------------------------START INFO---------------------------
53393 [TestNG-PoolService-1] INFO util.Log  - ########WebDriver is null so creating new driver
53393 [TestNG-PoolService-1] INFO util.Log  - ########WebDriver is null so creating new driver
53393 [TestNG-PoolService-1] INFO util.Log  - ########WebDriver is null so creating new driver
53393 [TestNG-PoolService-1] INFO util.Log  - -------------------------END INFO-----------------------------
53393 [TestNG-PoolService-1] INFO util.Log  - -------------------------END INFO-----------------------------
53393 [TestNG-PoolService-1] INFO util.Log  - -------------------------END INFO-----------------------------
53393 [TestNG-PoolService-1] INFO devpinoyLogger  - Config file loaded !!!
53393 [TestNG-PoolService-1] INFO devpinoyLogger  - Config file loaded !!!
53393 [TestNG-PoolService-1] INFO devpinoyLogger  - Config file loaded !!!
53393 [TestNG-PoolService-1] INFO devpinoyLogger  - Config file loaded !!!
71585 [TestNG-PoolService-0] INFO util.Log  - -------------------------START INFO---------------------------
71585 [TestNG-PoolService-0] INFO util.Log  - -------------------------START INFO---------------------------
71585 [TestNG-PoolService-0] INFO util.Log  - -------------------------START INFO---------------------------
71585 [TestNG-PoolService-0] INFO util.Log  - -------------------------START INFO---------------------------
71585 [TestNG-PoolService-0] INFO util.Log  - #######URL opened: ChromeDriver: chrome on WINDOWS (cf446a6b31b1a361a08debbb4ddf4b91)
71585 [TestNG-PoolService-0] INFO util.Log  - #######URL opened: ChromeDriver: chrome on WINDOWS (cf446a6b31b1a361a08debbb4ddf4b91)
71585 [TestNG-PoolService-0] INFO util.Log  - #######URL opened: ChromeDriver: chrome on WINDOWS (cf446a6b31b1a361a08debbb4ddf4b91)
71585 [TestNG-PoolService-0] INFO util.Log  - #######URL opened: ChromeDriver: chrome on WINDOWS (cf446a6b31b1a361a08debbb4ddf4b91)
71585 [TestNG-PoolService-0] INFO util.Log  - -------------------------END INFO-----------------------------
71585 [TestNG-PoolService-0] INFO util.Log  - -------------------------END INFO-----------------------------
71585 [TestNG-PoolService-0] INFO util.Log  - -------------------------END INFO-----------------------------
71585 [TestNG-PoolService-0] INFO util.Log  - -------------------------END INFO-----------------------------
74242 [TestNG-PoolService-1] INFO util.Log  - -------------------------START INFO---------------------------
74242 [TestNG-PoolService-1] INFO util.Log  - -------------------------START INFO---------------------------
74242 [TestNG-PoolService-1] INFO util.Log  - -------------------------START INFO---------------------------
74242 [TestNG-PoolService-1] INFO util.Log  - -------------------------START INFO---------------------------
74242 [TestNG-PoolService-1] INFO util.Log  - #######URL opened: ChromeDriver: chrome on WINDOWS (ce5d0299e00dad4832cde8fe5496b870)
74242 [TestNG-PoolService-1] INFO util.Log  - #######URL opened: ChromeDriver: chrome on WINDOWS (ce5d0299e00dad4832cde8fe5496b870)
74242 [TestNG-PoolService-1] INFO util.Log  - #######URL opened: ChromeDriver: chrome on WINDOWS (ce5d0299e00dad4832cde8fe5496b870)
74242 [TestNG-PoolService-1] INFO util.Log  - #######URL opened: ChromeDriver: chrome on WINDOWS (ce5d0299e00dad4832cde8fe5496b870)
74242 [TestNG-PoolService-1] INFO util.Log  - -------------------------END INFO-----------------------------
74242 [TestNG-PoolService-1] INFO util.Log  - -------------------------END INFO-----------------------------
74242 [TestNG-PoolService-1] INFO util.Log  - -------------------------END INFO-----------------------------
74242 [TestNG-PoolService-1] INFO util.Log  - -------------------------END INFO-----------------------------
75405 [TestNG-PoolService-0] INFO util.Log  - -------------------------START INFO---------------------------
75405 [TestNG-PoolService-0] INFO util.Log  - -------------------------START INFO---------------------------
75405 [TestNG-PoolService-0] INFO util.Log  - -------------------------START INFO---------------------------
75405 [TestNG-PoolService-0] INFO util.Log  - -------------------------START INFO---------------------------
75405 [TestNG-PoolService-0] INFO util.Log  - ####After Test scenario
75405 [TestNG-PoolService-0] INFO util.Log  - ####After Test scenario
75405 [TestNG-PoolService-0] INFO util.Log  - ####After Test scenario
75405 [TestNG-PoolService-0] INFO util.Log  - ####After Test scenario
75405 [TestNG-PoolService-0] INFO util.Log  - -------------------------END INFO-----------------------------
75405 [TestNG-PoolService-0] INFO util.Log  - -------------------------END INFO-----------------------------
75405 [TestNG-PoolService-0] INFO util.Log  - -------------------------END INFO-----------------------------
75405 [TestNG-PoolService-0] INFO util.Log  - -------------------------END INFO-----------------------------
]]></system-out>
    <system-err><![CDATA[Starting ChromeDriver 109.0.5414.74 (e7c5703604daa9cc128ccf5a5d3e993513758913-refs/branch-heads/5414@{#1172}) on port 16584
Only local connections are allowed.
Please see https://chromedriver.chromium.org/security-considerations for suggestions on keeping ChromeDriver safe.
ChromeDriver was started successfully.
Jan 22, 2023 12:44:22 PM org.openqa.selenium.devtools.CdpVersionFinder findNearestMatch
WARNING: Unable to find an exact match for CDP version 109, so returning the closest version found: 107
Jan 22, 2023 12:44:23 PM org.openqa.selenium.devtools.CdpVersionFinder findNearestMatch
WARNING: Unable to find an exact match for CDP version 109, so returning the closest version found: 107
]]></system-err>
  </testcase>
  <testcase name="runScenario[&quot;4 Verify user is able to search current UTC time in google search.&quot;, &quot;As a user, I want to search current UTC time in google search engine.&quot;](4)" classname="com.google.testRunners.TestRunner" time="24.956">
    <system-out><![CDATA[78085 [TestNG-PoolService-1] INFO util.Log  - -------------------------START INFO---------------------------
78085 [TestNG-PoolService-1] INFO util.Log  - -------------------------START INFO---------------------------
78085 [TestNG-PoolService-1] INFO util.Log  - -------------------------START INFO---------------------------
78085 [TestNG-PoolService-1] INFO util.Log  - -------------------------START INFO---------------------------
78085 [TestNG-PoolService-1] INFO util.Log  - ####After Test scenario
78085 [TestNG-PoolService-1] INFO util.Log  - ####After Test scenario
78085 [TestNG-PoolService-1] INFO util.Log  - ####After Test scenario
78085 [TestNG-PoolService-1] INFO util.Log  - ####After Test scenario
78085 [TestNG-PoolService-1] INFO util.Log  - -------------------------END INFO-----------------------------
78085 [TestNG-PoolService-1] INFO util.Log  - -------------------------END INFO-----------------------------
78085 [TestNG-PoolService-1] INFO util.Log  - -------------------------END INFO-----------------------------
78085 [TestNG-PoolService-1] INFO util.Log  - -------------------------END INFO-----------------------------
]]></system-out>
  </testcase>
</testsuite>